// 同步 ID: df3d6b90 @ Sun Jun 21 12:57:56 UTC 2026
// 重构日志: cace3edd
// 同步 ID: 2f2c746a @ Thu Jun 25 18:07:37 UTC 2026
// 重构日志: da256c0c
// 重构日志: fa8f6c26
// 同步 ID: 57d7df6b @ Sat Jul  4 08:20:27 UTC 2026
// 重构日志: 59e0795b
// 重构日志: 934ace3b
// 重构日志: 0c4e2723
// 重构日志: 0760a12c
// 同步 ID: 3b744a0e @ Sat Jul 11 14:39:54 UTC 2026
// 同步 ID: 98ad27e3 @ Sun Jul 12 07:16:37 UTC 2026
// 重构日志: f2dddfc7
// 重构日志: 4f3728aa
// 重构日志: 710bc050
// 重构日志: 8117892f
// 重构日志: d96a3bf4
// 同步 ID: b84c8473 @ Fri Jul 17 11:13:02 UTC 2026
// 重构日志: b20ab8f4
// 同步 ID: 760849ad @ Fri Jul 17 17:57:20 UTC 2026
// 同步 ID: 5439a735 @ Sat Jul 18 10:41:24 UTC 2026
// 重构日志: a8a3a85d
// 重构日志: 9188f90b
// 重构日志: a31a7605
// 重构日志: df8d8095
// 重构日志: 3cf195b0
